

Started GET "/" for 127.0.0.1 at 2014-10-30 15:14:48 -0700

ActiveRecord::PendingMigrationError (

Migrations are pending. To resolve this issue, run:

	bin/rake db:migrate RAILS_ENV=development

):
  activerecord (4.1.7) lib/active_record/migration.rb:389:in `check_pending!'
  activerecord (4.1.7) lib/active_record/migration.rb:377:in `call'
  actionpack (4.1.7) lib/action_dispatch/middleware/callbacks.rb:29:in `block in call'
  activesupport (4.1.7) lib/active_support/callbacks.rb:82:in `run_callbacks'
  actionpack (4.1.7) lib/action_dispatch/middleware/callbacks.rb:27:in `call'
  actionpack (4.1.7) lib/action_dispatch/middleware/reloader.rb:73:in `call'
  actionpack (4.1.7) lib/action_dispatch/middleware/remote_ip.rb:76:in `call'
  actionpack (4.1.7) lib/action_dispatch/middleware/debug_exceptions.rb:17:in `call'
  actionpack (4.1.7) lib/action_dispatch/middleware/show_exceptions.rb:30:in `call'
  railties (4.1.7) lib/rails/rack/logger.rb:38:in `call_app'
  railties (4.1.7) lib/rails/rack/logger.rb:20:in `block in call'
  activesupport (4.1.7) lib/active_support/tagged_logging.rb:68:in `block in tagged'
  activesupport (4.1.7) lib/active_support/tagged_logging.rb:26:in `tagged'
  activesupport (4.1.7) lib/active_support/tagged_logging.rb:68:in `tagged'
  railties (4.1.7) lib/rails/rack/logger.rb:20:in `call'
  actionpack (4.1.7) lib/action_dispatch/middleware/request_id.rb:21:in `call'
  rack (1.5.2) lib/rack/methodoverride.rb:21:in `call'
  rack (1.5.2) lib/rack/runtime.rb:17:in `call'
  activesupport (4.1.7) lib/active_support/cache/strategy/local_cache_middleware.rb:26:in `call'
  rack (1.5.2) lib/rack/lock.rb:17:in `call'
  actionpack (4.1.7) lib/action_dispatch/middleware/static.rb:84:in `call'
  rack (1.5.2) lib/rack/sendfile.rb:112:in `call'
  railties (4.1.7) lib/rails/engine.rb:514:in `call'
  railties (4.1.7) lib/rails/application.rb:144:in `call'
  rack (1.5.2) lib/rack/lock.rb:17:in `call'
  rack (1.5.2) lib/rack/content_length.rb:14:in `call'
  rack (1.5.2) lib/rack/handler/webrick.rb:60:in `service'
  /System/Library/Frameworks/Ruby.framework/Versions/2.0/usr/lib/ruby/2.0.0/webrick/httpserver.rb:138:in `service'
  /System/Library/Frameworks/Ruby.framework/Versions/2.0/usr/lib/ruby/2.0.0/webrick/httpserver.rb:94:in `run'
  /System/Library/Frameworks/Ruby.framework/Versions/2.0/usr/lib/ruby/2.0.0/webrick/server.rb:295:in `block in start_thread'


  Rendered /Library/Ruby/Gems/2.0.0/gems/actionpack-4.1.7/lib/action_dispatch/middleware/templates/rescues/_source.erb (0.6ms)
  Rendered /Library/Ruby/Gems/2.0.0/gems/actionpack-4.1.7/lib/action_dispatch/middleware/templates/rescues/_trace.html.erb (1.4ms)
  Rendered /Library/Ruby/Gems/2.0.0/gems/actionpack-4.1.7/lib/action_dispatch/middleware/templates/rescues/_request_and_response.html.erb (1.0ms)
  Rendered /Library/Ruby/Gems/2.0.0/gems/actionpack-4.1.7/lib/action_dispatch/middleware/templates/rescues/diagnostics.erb within rescues/layout (21.9ms)
  [1m[36m (1.9ms)[0m  [1mCREATE TABLE "schema_migrations" ("version" varchar(255) NOT NULL) [0m
  [1m[35m (0.5ms)[0m  select sqlite_version(*)
  [1m[36m (0.8ms)[0m  [1mCREATE UNIQUE INDEX "unique_schema_migrations" ON "schema_migrations" ("version")[0m
  [1m[35mActiveRecord::SchemaMigration Load (0.1ms)[0m  SELECT "schema_migrations".* FROM "schema_migrations"
Migrating to CreateItems (20141030221428)
  [1m[36m (0.1ms)[0m  [1mbegin transaction[0m
  [1m[35m (1.3ms)[0m  CREATE TABLE "items" ("id" INTEGER PRIMARY KEY AUTOINCREMENT NOT NULL, "name" varchar(255), "price" integer, "created_at" datetime, "updated_at" datetime) 
  [1m[36mSQL (0.2ms)[0m  [1mINSERT INTO "schema_migrations" ("version") VALUES (?)[0m  [["version", "20141030221428"]]
  [1m[35m (0.9ms)[0m  commit transaction
  [1m[36mActiveRecord::SchemaMigration Load (0.1ms)[0m  [1mSELECT "schema_migrations".* FROM "schema_migrations"[0m


Started GET "/" for 127.0.0.1 at 2014-10-30 15:15:01 -0700
  [1m[36mActiveRecord::SchemaMigration Load (0.1ms)[0m  [1mSELECT "schema_migrations".* FROM "schema_migrations"[0m
Processing by Rails::WelcomeController#index as HTML
  Rendered /Library/Ruby/Gems/2.0.0/gems/railties-4.1.7/lib/rails/templates/rails/welcome/index.html.erb (1.3ms)
Completed 200 OK in 25ms (Views: 7.0ms | ActiveRecord: 0.0ms)


Started GET "/item" for 127.0.0.1 at 2014-10-30 15:15:06 -0700

ActionController::RoutingError (No route matches [GET] "/item"):
  actionpack (4.1.7) lib/action_dispatch/middleware/debug_exceptions.rb:21:in `call'
  actionpack (4.1.7) lib/action_dispatch/middleware/show_exceptions.rb:30:in `call'
  railties (4.1.7) lib/rails/rack/logger.rb:38:in `call_app'
  railties (4.1.7) lib/rails/rack/logger.rb:20:in `block in call'
  activesupport (4.1.7) lib/active_support/tagged_logging.rb:68:in `block in tagged'
  activesupport (4.1.7) lib/active_support/tagged_logging.rb:26:in `tagged'
  activesupport (4.1.7) lib/active_support/tagged_logging.rb:68:in `tagged'
  railties (4.1.7) lib/rails/rack/logger.rb:20:in `call'
  actionpack (4.1.7) lib/action_dispatch/middleware/request_id.rb:21:in `call'
  rack (1.5.2) lib/rack/methodoverride.rb:21:in `call'
  rack (1.5.2) lib/rack/runtime.rb:17:in `call'
  activesupport (4.1.7) lib/active_support/cache/strategy/local_cache_middleware.rb:26:in `call'
  rack (1.5.2) lib/rack/lock.rb:17:in `call'
  actionpack (4.1.7) lib/action_dispatch/middleware/static.rb:84:in `call'
  rack (1.5.2) lib/rack/sendfile.rb:112:in `call'
  railties (4.1.7) lib/rails/engine.rb:514:in `call'
  railties (4.1.7) lib/rails/application.rb:144:in `call'
  rack (1.5.2) lib/rack/lock.rb:17:in `call'
  rack (1.5.2) lib/rack/content_length.rb:14:in `call'
  rack (1.5.2) lib/rack/handler/webrick.rb:60:in `service'
  /System/Library/Frameworks/Ruby.framework/Versions/2.0/usr/lib/ruby/2.0.0/webrick/httpserver.rb:138:in `service'
  /System/Library/Frameworks/Ruby.framework/Versions/2.0/usr/lib/ruby/2.0.0/webrick/httpserver.rb:94:in `run'
  /System/Library/Frameworks/Ruby.framework/Versions/2.0/usr/lib/ruby/2.0.0/webrick/server.rb:295:in `block in start_thread'


  Rendered /Library/Ruby/Gems/2.0.0/gems/actionpack-4.1.7/lib/action_dispatch/middleware/templates/rescues/_trace.html.erb (1.0ms)
  Rendered /Library/Ruby/Gems/2.0.0/gems/actionpack-4.1.7/lib/action_dispatch/middleware/templates/routes/_route.html.erb (31.4ms)
  Rendered /Library/Ruby/Gems/2.0.0/gems/actionpack-4.1.7/lib/action_dispatch/middleware/templates/routes/_table.html.erb (7.7ms)
  Rendered /Library/Ruby/Gems/2.0.0/gems/actionpack-4.1.7/lib/action_dispatch/middleware/templates/rescues/routing_error.html.erb within rescues/layout (58.8ms)


Started GET "/view/item" for 127.0.0.1 at 2014-10-30 15:15:11 -0700

ActionController::RoutingError (No route matches [GET] "/view/item"):
  actionpack (4.1.7) lib/action_dispatch/middleware/debug_exceptions.rb:21:in `call'
  actionpack (4.1.7) lib/action_dispatch/middleware/show_exceptions.rb:30:in `call'
  railties (4.1.7) lib/rails/rack/logger.rb:38:in `call_app'
  railties (4.1.7) lib/rails/rack/logger.rb:20:in `block in call'
  activesupport (4.1.7) lib/active_support/tagged_logging.rb:68:in `block in tagged'
  activesupport (4.1.7) lib/active_support/tagged_logging.rb:26:in `tagged'
  activesupport (4.1.7) lib/active_support/tagged_logging.rb:68:in `tagged'
  railties (4.1.7) lib/rails/rack/logger.rb:20:in `call'
  actionpack (4.1.7) lib/action_dispatch/middleware/request_id.rb:21:in `call'
  rack (1.5.2) lib/rack/methodoverride.rb:21:in `call'
  rack (1.5.2) lib/rack/runtime.rb:17:in `call'
  activesupport (4.1.7) lib/active_support/cache/strategy/local_cache_middleware.rb:26:in `call'
  rack (1.5.2) lib/rack/lock.rb:17:in `call'
  actionpack (4.1.7) lib/action_dispatch/middleware/static.rb:84:in `call'
  rack (1.5.2) lib/rack/sendfile.rb:112:in `call'
  railties (4.1.7) lib/rails/engine.rb:514:in `call'
  railties (4.1.7) lib/rails/application.rb:144:in `call'
  rack (1.5.2) lib/rack/lock.rb:17:in `call'
  rack (1.5.2) lib/rack/content_length.rb:14:in `call'
  rack (1.5.2) lib/rack/handler/webrick.rb:60:in `service'
  /System/Library/Frameworks/Ruby.framework/Versions/2.0/usr/lib/ruby/2.0.0/webrick/httpserver.rb:138:in `service'
  /System/Library/Frameworks/Ruby.framework/Versions/2.0/usr/lib/ruby/2.0.0/webrick/httpserver.rb:94:in `run'
  /System/Library/Frameworks/Ruby.framework/Versions/2.0/usr/lib/ruby/2.0.0/webrick/server.rb:295:in `block in start_thread'


  Rendered /Library/Ruby/Gems/2.0.0/gems/actionpack-4.1.7/lib/action_dispatch/middleware/templates/rescues/_trace.html.erb (0.9ms)
  Rendered /Library/Ruby/Gems/2.0.0/gems/actionpack-4.1.7/lib/action_dispatch/middleware/templates/routes/_route.html.erb (1.5ms)
  Rendered /Library/Ruby/Gems/2.0.0/gems/actionpack-4.1.7/lib/action_dispatch/middleware/templates/routes/_table.html.erb (1.2ms)
  Rendered /Library/Ruby/Gems/2.0.0/gems/actionpack-4.1.7/lib/action_dispatch/middleware/templates/rescues/routing_error.html.erb within rescues/layout (16.4ms)


Started GET "/items" for 127.0.0.1 at 2014-10-30 15:16:43 -0700
  [1m[36mActiveRecord::SchemaMigration Load (4.6ms)[0m  [1mSELECT "schema_migrations".* FROM "schema_migrations"[0m
Processing by ItemsController#index as HTML
  [1m[35mItem Load (0.5ms)[0m  SELECT "items".* FROM "items"
  Rendered items/index.html.erb within layouts/application (3.0ms)
Completed 200 OK in 703ms (Views: 682.4ms | ActiveRecord: 0.5ms)


Started GET "/assets/items.css?body=1" for 127.0.0.1 at 2014-10-30 15:16:44 -0700


Started GET "/assets/application.css?body=1" for 127.0.0.1 at 2014-10-30 15:16:44 -0700


Started GET "/assets/scaffolds.css?body=1" for 127.0.0.1 at 2014-10-30 15:16:44 -0700


Started GET "/assets/items.js?body=1" for 127.0.0.1 at 2014-10-30 15:16:44 -0700


Started GET "/assets/jquery.js?body=1" for 127.0.0.1 at 2014-10-30 15:16:44 -0700


Started GET "/assets/jquery_ujs.js?body=1" for 127.0.0.1 at 2014-10-30 15:16:44 -0700


Started GET "/assets/turbolinks.js?body=1" for 127.0.0.1 at 2014-10-30 15:16:44 -0700


Started GET "/assets/application.js?body=1" for 127.0.0.1 at 2014-10-30 15:16:44 -0700


Started GET "/items/new" for 127.0.0.1 at 2014-10-30 15:16:52 -0700
Processing by ItemsController#new as HTML
  Rendered items/_form.html.erb (24.1ms)
  Rendered items/new.html.erb within layouts/application (29.1ms)
Completed 200 OK in 70ms (Views: 68.2ms | ActiveRecord: 0.4ms)


Started POST "/items" for 127.0.0.1 at 2014-10-30 15:16:57 -0700
Processing by ItemsController#create as HTML
  Parameters: {"utf8"=>"✓", "authenticity_token"=>"TWiaa+MgJ2YlydaDXl6JvM4LbEDLKOLpf9cLBQlpBsw=", "item"=>{"name"=>"asd", "price"=>"123"}, "commit"=>"Create Item"}
  [1m[36m (0.1ms)[0m  [1mbegin transaction[0m
  [1m[35mSQL (1.4ms)[0m  INSERT INTO "items" ("created_at", "name", "price", "updated_at") VALUES (?, ?, ?, ?)  [["created_at", "2014-10-30 22:16:57.774506"], ["name", "asd"], ["price", 123], ["updated_at", "2014-10-30 22:16:57.774506"]]
  [1m[36m (0.6ms)[0m  [1mcommit transaction[0m
Redirected to http://localhost:3000/items/1
Completed 302 Found in 8ms (ActiveRecord: 2.0ms)


Started GET "/items/1" for 127.0.0.1 at 2014-10-30 15:16:57 -0700
Processing by ItemsController#show as HTML
  Parameters: {"id"=>"1"}
  [1m[35mItem Load (0.2ms)[0m  SELECT  "items".* FROM "items"  WHERE "items"."id" = ? LIMIT 1  [["id", 1]]
  Rendered items/show.html.erb within layouts/application (1.1ms)
Completed 200 OK in 73ms (Views: 71.2ms | ActiveRecord: 0.2ms)


Started GET "/assets/items.css?body=1" for 127.0.0.1 at 2014-10-30 15:16:57 -0700


Started GET "/assets/items.js?body=1" for 127.0.0.1 at 2014-10-30 15:16:57 -0700


Started GET "/assets/scaffolds.css?body=1" for 127.0.0.1 at 2014-10-30 15:16:57 -0700


Started GET "/" for 127.0.0.1 at 2014-10-30 15:18:15 -0700
  [1m[36mActiveRecord::SchemaMigration Load (0.7ms)[0m  [1mSELECT "schema_migrations".* FROM "schema_migrations"[0m

ActionController::RoutingError (uninitialized constant ItemController):
  activesupport (4.1.7) lib/active_support/inflector/methods.rb:238:in `const_get'
  activesupport (4.1.7) lib/active_support/inflector/methods.rb:238:in `block in constantize'
  activesupport (4.1.7) lib/active_support/inflector/methods.rb:236:in `each'
  activesupport (4.1.7) lib/active_support/inflector/methods.rb:236:in `inject'
  activesupport (4.1.7) lib/active_support/inflector/methods.rb:236:in `constantize'
  actionpack (4.1.7) lib/action_dispatch/routing/route_set.rb:78:in `controller_reference'
  actionpack (4.1.7) lib/action_dispatch/routing/route_set.rb:68:in `controller'
  actionpack (4.1.7) lib/action_dispatch/routing/route_set.rb:46:in `call'
  actionpack (4.1.7) lib/action_dispatch/journey/router.rb:73:in `block in call'
  actionpack (4.1.7) lib/action_dispatch/journey/router.rb:59:in `each'
  actionpack (4.1.7) lib/action_dispatch/journey/router.rb:59:in `call'
  actionpack (4.1.7) lib/action_dispatch/routing/route_set.rb:678:in `call'
  rack (1.5.2) lib/rack/etag.rb:23:in `call'
  rack (1.5.2) lib/rack/conditionalget.rb:25:in `call'
  rack (1.5.2) lib/rack/head.rb:11:in `call'
  actionpack (4.1.7) lib/action_dispatch/middleware/params_parser.rb:27:in `call'
  actionpack (4.1.7) lib/action_dispatch/middleware/flash.rb:254:in `call'
  rack (1.5.2) lib/rack/session/abstract/id.rb:225:in `context'
  rack (1.5.2) lib/rack/session/abstract/id.rb:220:in `call'
  actionpack (4.1.7) lib/action_dispatch/middleware/cookies.rb:560:in `call'
  activerecord (4.1.7) lib/active_record/query_cache.rb:36:in `call'
  activerecord (4.1.7) lib/active_record/connection_adapters/abstract/connection_pool.rb:621:in `call'
  activerecord (4.1.7) lib/active_record/migration.rb:380:in `call'
  actionpack (4.1.7) lib/action_dispatch/middleware/callbacks.rb:29:in `block in call'
  activesupport (4.1.7) lib/active_support/callbacks.rb:82:in `run_callbacks'
  actionpack (4.1.7) lib/action_dispatch/middleware/callbacks.rb:27:in `call'
  actionpack (4.1.7) lib/action_dispatch/middleware/reloader.rb:73:in `call'
  actionpack (4.1.7) lib/action_dispatch/middleware/remote_ip.rb:76:in `call'
  actionpack (4.1.7) lib/action_dispatch/middleware/debug_exceptions.rb:17:in `call'
  actionpack (4.1.7) lib/action_dispatch/middleware/show_exceptions.rb:30:in `call'
  railties (4.1.7) lib/rails/rack/logger.rb:38:in `call_app'
  railties (4.1.7) lib/rails/rack/logger.rb:20:in `block in call'
  activesupport (4.1.7) lib/active_support/tagged_logging.rb:68:in `block in tagged'
  activesupport (4.1.7) lib/active_support/tagged_logging.rb:26:in `tagged'
  activesupport (4.1.7) lib/active_support/tagged_logging.rb:68:in `tagged'
  railties (4.1.7) lib/rails/rack/logger.rb:20:in `call'
  actionpack (4.1.7) lib/action_dispatch/middleware/request_id.rb:21:in `call'
  rack (1.5.2) lib/rack/methodoverride.rb:21:in `call'
  rack (1.5.2) lib/rack/runtime.rb:17:in `call'
  activesupport (4.1.7) lib/active_support/cache/strategy/local_cache_middleware.rb:26:in `call'
  rack (1.5.2) lib/rack/lock.rb:17:in `call'
  actionpack (4.1.7) lib/action_dispatch/middleware/static.rb:84:in `call'
  rack (1.5.2) lib/rack/sendfile.rb:112:in `call'
  railties (4.1.7) lib/rails/engine.rb:514:in `call'
  railties (4.1.7) lib/rails/application.rb:144:in `call'
  rack (1.5.2) lib/rack/lock.rb:17:in `call'
  rack (1.5.2) lib/rack/content_length.rb:14:in `call'
  rack (1.5.2) lib/rack/handler/webrick.rb:60:in `service'
  /System/Library/Frameworks/Ruby.framework/Versions/2.0/usr/lib/ruby/2.0.0/webrick/httpserver.rb:138:in `service'
  /System/Library/Frameworks/Ruby.framework/Versions/2.0/usr/lib/ruby/2.0.0/webrick/httpserver.rb:94:in `run'
  /System/Library/Frameworks/Ruby.framework/Versions/2.0/usr/lib/ruby/2.0.0/webrick/server.rb:295:in `block in start_thread'


  Rendered /Library/Ruby/Gems/2.0.0/gems/actionpack-4.1.7/lib/action_dispatch/middleware/templates/rescues/_trace.html.erb (1.1ms)
  Rendered /Library/Ruby/Gems/2.0.0/gems/actionpack-4.1.7/lib/action_dispatch/middleware/templates/routes/_route.html.erb (1.3ms)
  Rendered /Library/Ruby/Gems/2.0.0/gems/actionpack-4.1.7/lib/action_dispatch/middleware/templates/routes/_table.html.erb (6.3ms)
  Rendered /Library/Ruby/Gems/2.0.0/gems/actionpack-4.1.7/lib/action_dispatch/middleware/templates/rescues/routing_error.html.erb within rescues/layout (30.1ms)


Started GET "/" for 127.0.0.1 at 2014-10-30 15:18:46 -0700
Processing by ItemsController#index as HTML
  [1m[35mItem Load (0.3ms)[0m  SELECT "items".* FROM "items"
  Rendered items/index.html.erb within layouts/application (6.1ms)
Completed 200 OK in 138ms (Views: 118.0ms | ActiveRecord: 0.5ms)


Started GET "/assets/items.css?body=1" for 127.0.0.1 at 2014-10-30 15:18:46 -0700


Started GET "/assets/application.css?body=1" for 127.0.0.1 at 2014-10-30 15:18:46 -0700


Started GET "/assets/scaffolds.css?body=1" for 127.0.0.1 at 2014-10-30 15:18:46 -0700


Started GET "/assets/jquery_ujs.js?body=1" for 127.0.0.1 at 2014-10-30 15:18:46 -0700


Started GET "/assets/jquery.js?body=1" for 127.0.0.1 at 2014-10-30 15:18:46 -0700


Started GET "/assets/turbolinks.js?body=1" for 127.0.0.1 at 2014-10-30 15:18:46 -0700


Started GET "/assets/items.js?body=1" for 127.0.0.1 at 2014-10-30 15:18:46 -0700


Started GET "/assets/application.js?body=1" for 127.0.0.1 at 2014-10-30 15:18:46 -0700
